Apache Maven 3.6.3 (cecedd343002696d0abb50b32b541b8a6ba2883f)
Maven home: /home/chanseok/apache-maven
Java version: 1.8.0_171, vendor: Oracle Corporation, runtime: /home/chanseok/jdk1.8.0_171/jre
Default locale: en_US, platform encoding: UTF-8
OS name: "linux", version: "5.7.17-1rodete4-amd64", arch: "amd64", family: "unix"
[DEBUG] Created new class realm maven.api
[DEBUG] Importing foreign packages into class realm maven.api
[DEBUG]   Imported: javax.annotation.* < plexus.core
[DEBUG]   Imported: javax.annotation.security.* < plexus.core
[DEBUG]   Imported: javax.enterprise.inject.* < plexus.core
[DEBUG]   Imported: javax.enterprise.util.* < plexus.core
[DEBUG]   Imported: javax.inject.* < plexus.core
[DEBUG]   Imported: org.apache.maven.* < plexus.core
[DEBUG]   Imported: org.apache.maven.artifact < plexus.core
[DEBUG]   Imported: org.apache.maven.classrealm < plexus.core
[DEBUG]   Imported: org.apache.maven.cli < plexus.core
[DEBUG]   Imported: org.apache.maven.configuration < plexus.core
[DEBUG]   Imported: org.apache.maven.exception < plexus.core
[DEBUG]   Imported: org.apache.maven.execution < plexus.core
[DEBUG]   Imported: org.apache.maven.execution.scope < plexus.core
[DEBUG]   Imported: org.apache.maven.lifecycle < plexus.core
[DEBUG]   Imported: org.apache.maven.model < plexus.core
[DEBUG]   Imported: org.apache.maven.monitor < plexus.core
[DEBUG]   Imported: org.apache.maven.plugin < plexus.core
[DEBUG]   Imported: org.apache.maven.profiles < plexus.core
[DEBUG]   Imported: org.apache.maven.project < plexus.core
[DEBUG]   Imported: org.apache.maven.reporting < plexus.core
[DEBUG]   Imported: org.apache.maven.repository < plexus.core
[DEBUG]   Imported: org.apache.maven.rtinfo < plexus.core
[DEBUG]   Imported: org.apache.maven.settings < plexus.core
[DEBUG]   Imported: org.apache.maven.toolchain < plexus.core
[DEBUG]   Imported: org.apache.maven.usability < plexus.core
[DEBUG]   Imported: org.apache.maven.wagon.* < plexus.core
[DEBUG]   Imported: org.apache.maven.wagon.authentication < plexus.core
[DEBUG]   Imported: org.apache.maven.wagon.authorization < plexus.core
[DEBUG]   Imported: org.apache.maven.wagon.events < plexus.core
[DEBUG]   Imported: org.apache.maven.wagon.observers < plexus.core
[DEBUG]   Imported: org.apache.maven.wagon.proxy < plexus.core
[DEBUG]   Imported: org.apache.maven.wagon.repository < plexus.core
[DEBUG]   Imported: org.apache.maven.wagon.resource < plexus.core
[DEBUG]   Imported: org.codehaus.classworlds < plexus.core
[DEBUG]   Imported: org.codehaus.plexus.* < plexus.core
[DEBUG]   Imported: org.codehaus.plexus.classworlds < plexus.core
[DEBUG]   Imported: org.codehaus.plexus.component < plexus.core
[DEBUG]   Imported: org.codehaus.plexus.configuration < plexus.core
[DEBUG]   Imported: org.codehaus.plexus.container < plexus.core
[DEBUG]   Imported: org.codehaus.plexus.context < plexus.core
[DEBUG]   Imported: org.codehaus.plexus.lifecycle < plexus.core
[DEBUG]   Imported: org.codehaus.plexus.logging < plexus.core
[DEBUG]   Imported: org.codehaus.plexus.personality < plexus.core
[DEBUG]   Imported: org.codehaus.plexus.util.xml.Xpp3Dom < plexus.core
[DEBUG]   Imported: org.codehaus.plexus.util.xml.pull.XmlPullParser < plexus.core
[DEBUG]   Imported: org.codehaus.plexus.util.xml.pull.XmlPullParserException < plexus.core
[DEBUG]   Imported: org.codehaus.plexus.util.xml.pull.XmlSerializer < plexus.core
[DEBUG]   Imported: org.eclipse.aether.* < plexus.core
[DEBUG]   Imported: org.eclipse.aether.artifact < plexus.core
[DEBUG]   Imported: org.eclipse.aether.collection < plexus.core
[DEBUG]   Imported: org.eclipse.aether.deployment < plexus.core
[DEBUG]   Imported: org.eclipse.aether.graph < plexus.core
[DEBUG]   Imported: org.eclipse.aether.impl < plexus.core
[DEBUG]   Imported: org.eclipse.aether.installation < plexus.core
[DEBUG]   Imported: org.eclipse.aether.internal.impl < plexus.core
[DEBUG]   Imported: org.eclipse.aether.metadata < plexus.core
[DEBUG]   Imported: org.eclipse.aether.repository < plexus.core
[DEBUG]   Imported: org.eclipse.aether.resolution < plexus.core
[DEBUG]   Imported: org.eclipse.aether.spi < plexus.core
[DEBUG]   Imported: org.eclipse.aether.transfer < plexus.core
[DEBUG]   Imported: org.eclipse.aether.version < plexus.core
[DEBUG]   Imported: org.fusesource.jansi.* < plexus.core
[DEBUG]   Imported: org.slf4j.* < plexus.core
[DEBUG]   Imported: org.slf4j.event.* < plexus.core
[DEBUG]   Imported: org.slf4j.helpers.* < plexus.core
[DEBUG]   Imported: org.slf4j.spi.* < plexus.core
[DEBUG] Populating class realm maven.api
[INFO] Error stacktraces are turned on.
[DEBUG] Message scheme: plain
[DEBUG] Reading global settings from /home/chanseok/apache-maven/conf/settings.xml
[DEBUG] Reading user settings from /home/chanseok/.m2/settings.xml
[DEBUG] Reading global toolchains from /home/chanseok/apache-maven/conf/toolchains.xml
[DEBUG] Reading user toolchains from /home/chanseok/.m2/toolchains.xml
[DEBUG] Using local repository at /home/chanseok/.m2/repository
[DEBUG] Using manager EnhancedLocalRepositoryManager with priority 10.0 for /home/chanseok/.m2/repository
[INFO] Scanning for projects...
[DEBUG] Extension realms for project example:helloworld:jar:1: (none)
[DEBUG] Looking up lifecycle mappings for packaging jar from ClassRealm[plexus.core, parent: null]
[DEBUG] Resolving plugin prefix jib from [org.apache.maven.plugins, org.codehaus.mojo]
[DEBUG] Resolved plugin prefix jib to com.google.cloud.tools:jib-maven-plugin from POM example:helloworld:jar:1
[DEBUG] === REACTOR BUILD PLAN ================================================
[DEBUG] Project: example:helloworld:jar:1
[DEBUG] Tasks:   [jib:dockerBuild]
[DEBUG] Style:   Regular
[DEBUG] =======================================================================
[INFO] 
[INFO] -------------------------< example:helloworld >-------------------------
[INFO] Building helloworld 1
[INFO] --------------------------------[ jar ]---------------------------------
[DEBUG] Resolving plugin prefix jib from [org.apache.maven.plugins, org.codehaus.mojo]
[DEBUG] Resolved plugin prefix jib to com.google.cloud.tools:jib-maven-plugin from POM example:helloworld:jar:1
[DEBUG] Lifecycle default -> [validate, initialize, generate-sources, process-sources, generate-resources, process-resources, compile, process-classes, generate-test-sources, process-test-sources, generate-test-resources, process-test-resources, test-compile, process-test-classes, test, prepare-package, package, pre-integration-test, integration-test, post-integration-test, verify, install, deploy]
[DEBUG] Lifecycle clean -> [pre-clean, clean, post-clean]
[DEBUG] Lifecycle site -> [pre-site, site, post-site, site-deploy]
[DEBUG] === PROJECT BUILD PLAN ================================================
[DEBUG] Project:       example:helloworld:1
[DEBUG] Dependencies (collect): []
[DEBUG] Dependencies (resolve): [runtime+system]
[DEBUG] Repositories (dependencies): [central (https://repo.maven.apache.org/maven2, default, releases)]
[DEBUG] Repositories (plugins)     : [central (https://repo.maven.apache.org/maven2, default, releases)]
[DEBUG] -----------------------------------------------------------------------
[DEBUG] Goal:          com.google.cloud.tools:jib-maven-plugin:2.7.2-SNAPSHOT:dockerBuild (default-cli)
[DEBUG] Style:         Regular
[DEBUG] Configuration: <?xml version="1.0" encoding="UTF-8"?>
<configuration>
  <allowInsecureRegistries>true</allowInsecureRegistries>
  <container></container>
  <containerizingMode>${jib.containerizingMode}</containerizingMode>
  <descriptor default-value="${plugin}"/>
  <extraDirectories>
    <paths>src/main/jib-extra</paths>
  </extraDirectories>
  <from>
    <platforms>
      <platform>
        <architecture>arm64</architecture>
        <os>linux</os>
      </platform>
    </platforms>
    <image>localhost:5000/busybox</image>
    <auth>
      <username>admin</username>
      <password>welcome1</password>
    </auth>
  </from>
  <pluginExtensions>
    <pluginExtension>
      <implementation>com.google.cloud.tools.jib.maven.extension.layerfilter.JibLayerFilterExtension</implementation>
      <configuration implementation="com.google.cloud.tools.jib.maven.extension.layerfilter.Configuration">
        <filters>
          <filter>
            <glob>**/guava-*</glob>
            <toLayer>guava</toLayer>
          </filter>
          <filter>
            <glob>/app/libs/jsr305*.jar</glob>
            <toLayer>jsr</toLayer>
          </filter>
        </filters>
      </configuration>
    </pluginExtension>
    <pluginExtension>
      <implementation>com.google.cloud.tools.jib.maven.extension.ownership.JibOwnershipExtension</implementation>
      <configuration implementation="com.google.cloud.tools.jib.maven.extension.ownership.Configuration">
        <rules>
          <rule>
            <glob>/app</glob>
            <ownership>300:500</ownership>
          </rule>
          <rule>
            <glob>/app/classes</glob>
            <ownership>300:500</ownership>
          </rule>
          <rule>
            <glob>/app/classes/**</glob>
            <ownership>300:500</ownership>
          </rule>
        </rules>
      </configuration>
    </pluginExtension>
  </pluginExtensions>
  <project default-value="${project}"/>
  <session default-value="${session}"/>
  <skip>${jib.skip}</skip>
  <to>
    <image>francium25/test</image>
  </to>
</configuration>
[DEBUG] =======================================================================
[DEBUG] Dependency collection stats: {ConflictMarker.analyzeTime=667717, ConflictMarker.markTime=424454, ConflictMarker.nodeCount=7, ConflictIdSorter.graphTime=404948, ConflictIdSorter.topsortTime=340118, ConflictIdSorter.conflictIdCount=6, ConflictIdSorter.conflictIdCycleCount=0, ConflictResolver.totalTime=3109143, ConflictResolver.conflictItemCount=6, DefaultDependencyCollector.collectTime=38954441, DefaultDependencyCollector.transformTime=6935449}
[DEBUG] example:helloworld:jar:1
[DEBUG]    com.google.guava:guava:jar:23.6-jre:compile
[DEBUG]       com.google.code.findbugs:jsr305:jar:1.3.9:compile
[DEBUG]       org.checkerframework:checker-compat-qual:jar:2.0.0:compile
[DEBUG]       com.google.errorprone:error_prone_annotations:jar:2.1.3:compile
[DEBUG]       com.google.j2objc:j2objc-annotations:jar:1.1:compile
[DEBUG]       org.codehaus.mojo:animal-sniffer-annotations:jar:1.14:compile
[INFO] 
[INFO] --- jib-maven-plugin:2.7.2-SNAPSHOT:dockerBuild (default-cli) @ helloworld ---
[DEBUG] Dependency collection stats: {ConflictMarker.analyzeTime=910942, ConflictMarker.markTime=485466, ConflictMarker.nodeCount=240, ConflictIdSorter.graphTime=459057, ConflictIdSorter.topsortTime=91443, ConflictIdSorter.conflictIdCount=65, ConflictIdSorter.conflictIdCycleCount=0, ConflictResolver.totalTime=6916112, ConflictResolver.conflictItemCount=128, DefaultDependencyCollector.collectTime=438486756, DefaultDependencyCollector.transformTime=9001799}
[DEBUG] com.google.cloud.tools:jib-maven-plugin:jar:2.7.2-SNAPSHOT
[DEBUG]    com.google.cloud.tools:jib-layer-filter-extension-maven:jar:0.1.0:runtime
[DEBUG]    com.google.cloud.tools:jib-ownership-extension-maven:jar:0.1.0:runtime
[DEBUG]    com.google.http-client:google-http-client:jar:1.38.1:runtime
[DEBUG]       org.apache.httpcomponents:httpclient:jar:4.5.13:runtime
[DEBUG]          commons-logging:commons-logging:jar:1.2:runtime
[DEBUG]          commons-codec:commons-codec:jar:1.11:runtime
[DEBUG]       org.apache.httpcomponents:httpcore:jar:4.4.14:runtime
[DEBUG]       com.google.code.findbugs:jsr305:jar:3.0.2:runtime
[DEBUG]       com.google.j2objc:j2objc-annotations:jar:1.3:runtime
[DEBUG]       io.opencensus:opencensus-api:jar:0.24.0:runtime
[DEBUG]          io.grpc:grpc-context:jar:1.22.1:runtime
[DEBUG]       io.opencensus:opencensus-contrib-http-util:jar:0.24.0:runtime
[DEBUG]    com.google.http-client:google-http-client-apache-v2:jar:1.38.1:runtime
[DEBUG]    com.google.auth:google-auth-library-oauth2-http:jar:0.22.2:runtime
[DEBUG]       com.google.auto.value:auto-value-annotations:jar:1.7.4:runtime
[DEBUG]       com.google.auth:google-auth-library-credentials:jar:0.22.2:runtime
[DEBUG]       com.google.http-client:google-http-client-jackson2:jar:1.38.0:runtime
[DEBUG]    org.apache.commons:commons-compress:jar:1.20:runtime
[DEBUG]    com.google.guava:guava:jar:30.1-jre:runtime
[DEBUG]       com.google.guava:failureaccess:jar:1.0.1:runtime
[DEBUG]       com.google.guava:listenablefuture:jar:9999.0-empty-to-avoid-conflict-with-guava:runtime
[DEBUG]       org.checkerframework:checker-qual:jar:3.5.0:runtime
[DEBUG]       com.google.errorprone:error_prone_annotations:jar:2.3.4:runtime
[DEBUG]    com.fasterxml.jackson.core:jackson-databind:jar:2.12.1:runtime
[DEBUG]       com.fasterxml.jackson.core:jackson-annotations:jar:2.12.1:runtime
[DEBUG]       com.fasterxml.jackson.core:jackson-core:jar:2.12.1:runtime
[DEBUG]    com.fasterxml.jackson.datatype:jackson-datatype-jsr310:jar:2.12.1:runtime
[DEBUG]    org.ow2.asm:asm:jar:9.0:runtime
[DEBUG]    com.google.cloud.tools:jib-build-plan:jar:0.4.0:runtime
[DEBUG]    com.google.cloud.tools:jib-plugins-extension-common:jar:0.2.0:runtime
[DEBUG]    com.google.cloud.tools:jib-maven-plugin-extension-api:jar:0.4.0:runtime
[DEBUG]    org.apache.maven:maven-plugin-api:jar:3.6.3:runtime
[DEBUG]       org.apache.maven:maven-model:jar:3.6.3:runtime
[DEBUG]       org.apache.maven:maven-artifact:jar:3.6.3:runtime
[DEBUG]       org.eclipse.sisu:org.eclipse.sisu.plexus:jar:0.3.4:runtime
[DEBUG]          javax.enterprise:cdi-api:jar:1.0:runtime
[DEBUG]             javax.annotation:jsr250-api:jar:1.0:runtime
[DEBUG]       org.codehaus.plexus:plexus-utils:jar:3.2.1:runtime
[DEBUG]       org.codehaus.plexus:plexus-classworlds:jar:2.6.0:runtime
[DEBUG]    org.apache.maven:maven-core:jar:3.6.3:runtime
[DEBUG]       org.apache.maven:maven-settings:jar:3.6.3:runtime
[DEBUG]       org.apache.maven:maven-settings-builder:jar:3.6.3:runtime
[DEBUG]          org.codehaus.plexus:plexus-interpolation:jar:1.25:runtime
[DEBUG]          org.sonatype.plexus:plexus-sec-dispatcher:jar:1.4:runtime
[DEBUG]             org.sonatype.plexus:plexus-cipher:jar:1.4:runtime
[DEBUG]       org.apache.maven:maven-builder-support:jar:3.6.3:runtime
[DEBUG]       org.apache.maven:maven-repository-metadata:jar:3.6.3:runtime
[DEBUG]       org.apache.maven:maven-model-builder:jar:3.6.3:runtime
[DEBUG]       org.apache.maven:maven-resolver-provider:jar:3.6.3:runtime
[DEBUG]          org.slf4j:slf4j-api:jar:1.7.29:runtime
[DEBUG]       org.apache.maven.resolver:maven-resolver-impl:jar:1.4.1:runtime
[DEBUG]       org.apache.maven.resolver:maven-resolver-api:jar:1.4.1:runtime
[DEBUG]       org.apache.maven.resolver:maven-resolver-spi:jar:1.4.1:runtime
[DEBUG]       org.apache.maven.resolver:maven-resolver-util:jar:1.4.1:runtime
[DEBUG]       org.apache.maven.shared:maven-shared-utils:jar:3.2.1:runtime
[DEBUG]          commons-io:commons-io:jar:2.5:runtime
[DEBUG]       org.eclipse.sisu:org.eclipse.sisu.inject:jar:0.3.4:runtime
[DEBUG]       com.google.inject:guice:jar:no_aop:4.2.1:runtime
[DEBUG]          aopalliance:aopalliance:jar:1.0:runtime
[DEBUG]       javax.inject:javax.inject:jar:1:runtime
[DEBUG]       org.codehaus.plexus:plexus-component-annotations:jar:2.1.0:runtime
[DEBUG]       org.apache.commons:commons-lang3:jar:3.8.1:runtime
[DEBUG] Created new class realm plugin>com.google.cloud.tools:jib-maven-plugin:2.7.2-SNAPSHOT
[DEBUG] Importing foreign packages into class realm plugin>com.google.cloud.tools:jib-maven-plugin:2.7.2-SNAPSHOT
[DEBUG]   Imported:  < maven.api
[DEBUG] Populating class realm plugin>com.google.cloud.tools:jib-maven-plugin:2.7.2-SNAPSHOT
[DEBUG]   Included: com.google.cloud.tools:jib-maven-plugin:jar:2.7.2-SNAPSHOT
[DEBUG]   Included: com.google.cloud.tools:jib-layer-filter-extension-maven:jar:0.1.0
[DEBUG]   Included: com.google.cloud.tools:jib-ownership-extension-maven:jar:0.1.0
[DEBUG]   Included: com.google.http-client:google-http-client:jar:1.38.1
[DEBUG]   Included: org.apache.httpcomponents:httpclient:jar:4.5.13
[DEBUG]   Included: commons-logging:commons-logging:jar:1.2
[DEBUG]   Included: commons-codec:commons-codec:jar:1.11
[DEBUG]   Included: org.apache.httpcomponents:httpcore:jar:4.4.14
[DEBUG]   Included: com.google.code.findbugs:jsr305:jar:3.0.2
[DEBUG]   Included: com.google.j2objc:j2objc-annotations:jar:1.3
[DEBUG]   Included: io.opencensus:opencensus-api:jar:0.24.0
[DEBUG]   Included: io.grpc:grpc-context:jar:1.22.1
[DEBUG]   Included: io.opencensus:opencensus-contrib-http-util:jar:0.24.0
[DEBUG]   Included: com.google.http-client:google-http-client-apache-v2:jar:1.38.1
[DEBUG]   Included: com.google.auth:google-auth-library-oauth2-http:jar:0.22.2
[DEBUG]   Included: com.google.auto.value:auto-value-annotations:jar:1.7.4
[DEBUG]   Included: com.google.auth:google-auth-library-credentials:jar:0.22.2
[DEBUG]   Included: com.google.http-client:google-http-client-jackson2:jar:1.38.0
[DEBUG]   Included: org.apache.commons:commons-compress:jar:1.20
[DEBUG]   Included: com.google.guava:guava:jar:30.1-jre
[DEBUG]   Included: com.google.guava:failureaccess:jar:1.0.1
[DEBUG]   Included: com.google.guava:listenablefuture:jar:9999.0-empty-to-avoid-conflict-with-guava
[DEBUG]   Included: org.checkerframework:checker-qual:jar:3.5.0
[DEBUG]   Included: com.google.errorprone:error_prone_annotations:jar:2.3.4
[DEBUG]   Included: com.fasterxml.jackson.core:jackson-databind:jar:2.12.1
[DEBUG]   Included: com.fasterxml.jackson.core:jackson-annotations:jar:2.12.1
[DEBUG]   Included: com.fasterxml.jackson.core:jackson-core:jar:2.12.1
[DEBUG]   Included: com.fasterxml.jackson.datatype:jackson-datatype-jsr310:jar:2.12.1
[DEBUG]   Included: org.ow2.asm:asm:jar:9.0
[DEBUG]   Included: com.google.cloud.tools:jib-build-plan:jar:0.4.0
[DEBUG]   Included: com.google.cloud.tools:jib-plugins-extension-common:jar:0.2.0
[DEBUG]   Included: com.google.cloud.tools:jib-maven-plugin-extension-api:jar:0.4.0
[DEBUG]   Included: javax.enterprise:cdi-api:jar:1.0
[DEBUG]   Included: org.codehaus.plexus:plexus-utils:jar:3.2.1
[DEBUG]   Included: org.codehaus.plexus:plexus-interpolation:jar:1.25
[DEBUG]   Included: org.sonatype.plexus:plexus-sec-dispatcher:jar:1.4
[DEBUG]   Included: org.sonatype.plexus:plexus-cipher:jar:1.4
[DEBUG]   Included: org.apache.maven:maven-builder-support:jar:3.6.3
[DEBUG]   Included: org.apache.maven.resolver:maven-resolver-util:jar:1.4.1
[DEBUG]   Included: org.apache.maven.shared:maven-shared-utils:jar:3.2.1
[DEBUG]   Included: commons-io:commons-io:jar:2.5
[DEBUG]   Included: org.eclipse.sisu:org.eclipse.sisu.inject:jar:0.3.4
[DEBUG]   Included: com.google.inject:guice:jar:no_aop:4.2.1
[DEBUG]   Included: aopalliance:aopalliance:jar:1.0
[DEBUG]   Included: org.codehaus.plexus:plexus-component-annotations:jar:2.1.0
[DEBUG]   Included: org.apache.commons:commons-lang3:jar:3.8.1
[DEBUG] Configuring mojo com.google.cloud.tools:jib-maven-plugin:2.7.2-SNAPSHOT:dockerBuild from plugin realm ClassRealm[plugin>com.google.cloud.tools:jib-maven-plugin:2.7.2-SNAPSHOT, parent: sun.misc.Launcher$AppClassLoader@5c647e05]
[DEBUG] Configuring mojo 'com.google.cloud.tools:jib-maven-plugin:2.7.2-SNAPSHOT:dockerBuild' with basic configurator -->
[DEBUG]   (f) allowInsecureRegistries = true
[DEBUG]   (f) container = com.google.cloud.tools.jib.maven.JibPluginConfiguration$ContainerParameters@60b85ba1
[DEBUG]   (f) descriptor = Component Descriptor: role: 'org.apache.maven.plugin.Mojo', implementation: 'com.google.cloud.tools.jib.maven.skaffold.CheckJibVersionMojo', role hint: 'com.google.cloud.tools:jib-maven-plugin:2.7.2-SNAPSHOT:_skaffold-fail-if-jib-out-of-date'
role: 'org.apache.maven.plugin.Mojo', implementation: 'com.google.cloud.tools.jib.maven.skaffold.FilesMojoV2', role hint: 'com.google.cloud.tools:jib-maven-plugin:2.7.2-SNAPSHOT:_skaffold-files-v2'
role: 'org.apache.maven.plugin.Mojo', implementation: 'com.google.cloud.tools.jib.maven.skaffold.InitMojo', role hint: 'com.google.cloud.tools:jib-maven-plugin:2.7.2-SNAPSHOT:_skaffold-init'
role: 'org.apache.maven.plugin.Mojo', implementation: 'com.google.cloud.tools.jib.maven.skaffold.PackageGoalsMojo', role hint: 'com.google.cloud.tools:jib-maven-plugin:2.7.2-SNAPSHOT:_skaffold-package-goals'
role: 'org.apache.maven.plugin.Mojo', implementation: 'com.google.cloud.tools.jib.maven.skaffold.SyncMapMojo', role hint: 'com.google.cloud.tools:jib-maven-plugin:2.7.2-SNAPSHOT:_skaffold-sync-map'
role: 'org.apache.maven.plugin.Mojo', implementation: 'com.google.cloud.tools.jib.maven.BuildImageMojo', role hint: 'com.google.cloud.tools:jib-maven-plugin:2.7.2-SNAPSHOT:build'
role: 'org.apache.maven.plugin.Mojo', implementation: 'com.google.cloud.tools.jib.maven.BuildTarMojo', role hint: 'com.google.cloud.tools:jib-maven-plugin:2.7.2-SNAPSHOT:buildTar'
role: 'org.apache.maven.plugin.Mojo', implementation: 'com.google.cloud.tools.jib.maven.BuildDockerMojo', role hint: 'com.google.cloud.tools:jib-maven-plugin:2.7.2-SNAPSHOT:dockerBuild'
---
[DEBUG]   (s)  = /home/chanseok/workspace_eclipse/jib/examples/helloworld/src/main/jib-extra
[DEBUG]   (f) paths = [com.google.cloud.tools.jib.maven.JibPluginConfiguration$ExtraDirectoryParameters@4837595f]
[DEBUG]   (f) extraDirectories = com.google.cloud.tools.jib.maven.JibPluginConfiguration$ExtraDirectoriesParameters@2bffa76d
[DEBUG]   (f) architecture = arm64
[DEBUG]   (f) os = linux
[DEBUG]   (f) platforms = [com.google.cloud.tools.jib.maven.JibPluginConfiguration$PlatformParameters@49bf29c6]
[DEBUG]   (f) image = localhost:5000/busybox
[DEBUG]   (f) username = admin
[DEBUG]   (f) password = welcome1
[DEBUG]   (f) auth = com.google.cloud.tools.jib.maven.JibPluginConfiguration$FromAuthConfiguration@46292372
[DEBUG]   (f) from = com.google.cloud.tools.jib.maven.JibPluginConfiguration$FromConfiguration@126be319
[DEBUG]   (f) implementation = com.google.cloud.tools.jib.maven.extension.layerfilter.JibLayerFilterExtension
[DEBUG]   (f) glob = **/guava-*
[DEBUG]   (f) toLayer = guava
[DEBUG]   (f) glob = /app/libs/jsr305*.jar
[DEBUG]   (f) toLayer = jsr
[DEBUG]   (f) filters = [com.google.cloud.tools.jib.maven.extension.layerfilter.Configuration$Filter@1af05b03, com.google.cloud.tools.jib.maven.extension.layerfilter.Configuration$Filter@5987e932]
[DEBUG]   (f) configuration = com.google.cloud.tools.jib.maven.extension.layerfilter.Configuration@1ad777f
[DEBUG]   (f) implementation = com.google.cloud.tools.jib.maven.extension.ownership.JibOwnershipExtension
[DEBUG]   (f) glob = /app
[DEBUG]   (f) ownership = 300:500
[DEBUG]   (f) glob = /app/classes
[DEBUG]   (f) ownership = 300:500
[DEBUG]   (f) glob = /app/classes/**
[DEBUG]   (f) ownership = 300:500
[DEBUG]   (f) rules = [com.google.cloud.tools.jib.maven.extension.ownership.Configuration$Rule@27f0ad19, com.google.cloud.tools.jib.maven.extension.ownership.Configuration$Rule@54e81b21, com.google.cloud.tools.jib.maven.extension.ownership.Configuration$Rule@38d5b107]
[DEBUG]   (f) configuration = com.google.cloud.tools.jib.maven.extension.ownership.Configuration@6650813a
[DEBUG]   (f) pluginExtensions = [com.google.cloud.tools.jib.maven.JibPluginConfiguration$ExtensionParameters@44ea608c, com.google.cloud.tools.jib.maven.JibPluginConfiguration$ExtensionParameters@50cf5a23]
[DEBUG]   (f) project = MavenProject: example:helloworld:1 @ /home/chanseok/workspace_eclipse/jib/examples/helloworld/pom-test.xml
[DEBUG]   (f) session = org.apache.maven.execution.MavenSession@450794b4
[DEBUG]   (f) image = francium25/test
[DEBUG]   (f) to = com.google.cloud.tools.jib.maven.JibPluginConfiguration$ToConfiguration@30457e14
[DEBUG] -- end configuration --
[WARNING] Authentication over HTTP is enabled. It is strongly recommended that you do not enable this on a public network!
[DEBUG] Searching for main class... Add a 'mainClass' configuration to 'jib-maven-plugin' to improve build speed.
[INFO] Running extension: com.google.cloud.tools.jib.maven.extension.layerfilter.JibLayerFilterExtension
[INFO] Running Jib Layer Filter Extension
[INFO] Running extension: com.google.cloud.tools.jib.maven.extension.ownership.JibOwnershipExtension
[INFO] Running Jib Ownership Extension
[INFO] 
[INFO] Containerizing application to Docker daemon as francium25/test...
[WARNING] Base image 'localhost:5000/busybox' does not use a specific image digest - build may not be reproducible
[DEBUG] TIMING	Building image to Docker daemon
[DEBUG] Containerizing application with the following files:
[DEBUG] 	Dependencies:
[DEBUG] 		/home/chanseok/.m2/repository/org/checkerframework/checker-compat-qual/2.0.0/checker-compat-qual-2.0.0.jar
[DEBUG] 		/home/chanseok/.m2/repository/com/google/errorprone/error_prone_annotations/2.1.3/error_prone_annotations-2.1.3.jar
[DEBUG] 		/home/chanseok/.m2/repository/com/google/j2objc/j2objc-annotations/1.1/j2objc-annotations-1.1.jar
[DEBUG] 		/home/chanseok/.m2/repository/org/codehaus/mojo/animal-sniffer-annotations/1.14/animal-sniffer-annotations-1.14.jar
[DEBUG] 	Resources:
[DEBUG] 		/home/chanseok/workspace_eclipse/jib/examples/helloworld/target/classes/example
[DEBUG] 		/home/chanseok/workspace_eclipse/jib/examples/helloworld/target/classes/world
[DEBUG] 	Classes:
[DEBUG] 		/home/chanseok/workspace_eclipse/jib/examples/helloworld/target/classes/example
[DEBUG] 		/home/chanseok/workspace_eclipse/jib/examples/helloworld/target/classes/example/HelloJarWorld.class
[DEBUG] 		/home/chanseok/workspace_eclipse/jib/examples/helloworld/target/classes/example/HelloWorld.class
[DEBUG] 		/home/chanseok/workspace_eclipse/jib/examples/helloworld/target/classes/example/NativeImageMain.class
[DEBUG] 	Extra files:
[DEBUG] 		/home/chanseok/workspace_eclipse/jib/examples/helloworld/src/main/jib-extra/app
[DEBUG] 		/home/chanseok/workspace_eclipse/jib/examples/helloworld/src/main/jib-extra/app/classes
[DEBUG] 	Guava:
[DEBUG] 		/home/chanseok/.m2/repository/com/google/guava/guava/23.6-jre/guava-23.6-jre.jar
[DEBUG] 	Jsr:
[DEBUG] 		/home/chanseok/.m2/repository/com/google/code/findbugs/jsr305/1.3.9/jsr305-1.3.9.jar
[DEBUG] TIMING	Pulling base image manifest
[INFO] Getting manifest for base image localhost:5000/busybox...
[DEBUG] TIMING	trying mirrors
[DEBUG] TIMED	trying mirrors : 1.0 ms
Jan 25, 2021 1:58:53 PM com.google.api.client.http.HttpRequest execute
CONFIG: -------------- REQUEST  --------------
GET https://localhost:5000/v2/busybox/manifests/latest
Accept: application/vnd.oci.image.manifest.v1+json,application/vnd.docker.distribution.manifest.v2+json,application/vnd.docker.distribution.manifest.v1+json,application/vnd.docker.distribution.manifest.list.v2+json
Accept-Encoding: gzip
User-Agent: jib 2.7.2-SNAPSHOT jib-maven-plugin Google-HTTP-Java-Client/1.38.1 (gzip)

Jan 25, 2021 1:58:53 PM com.google.api.client.http.HttpRequest execute
CONFIG: curl -v --compressed -H 'Accept: application/vnd.oci.image.manifest.v1+json,application/vnd.docker.distribution.manifest.v2+json,application/vnd.docker.distribution.manifest.v1+json,application/vnd.docker.distribution.manifest.list.v2+json' -H 'Accept-Encoding: gzip' -H 'User-Agent: jib 2.7.2-SNAPSHOT jib-maven-plugin Google-HTTP-Java-Client/1.38.1 (gzip)' -- 'https://localhost:5000/v2/busybox/manifests/latest'
[WARNING] Cannot verify server at https://localhost:5000/v2/busybox/manifests/latest. Attempting again with no TLS verification.
Jan 25, 2021 1:58:53 PM com.google.api.client.http.HttpRequest execute
CONFIG: -------------- REQUEST  --------------
GET https://localhost:5000/v2/busybox/manifests/latest
Accept: application/vnd.oci.image.manifest.v1+json,application/vnd.docker.distribution.manifest.v2+json,application/vnd.docker.distribution.manifest.v1+json,application/vnd.docker.distribution.manifest.list.v2+json
Accept-Encoding: gzip
User-Agent: jib 2.7.2-SNAPSHOT jib-maven-plugin Google-HTTP-Java-Client/1.38.1 (gzip)

Jan 25, 2021 1:58:53 PM com.google.api.client.http.HttpRequest execute
CONFIG: curl -v --compressed -H 'Accept: application/vnd.oci.image.manifest.v1+json,application/vnd.docker.distribution.manifest.v2+json,application/vnd.docker.distribution.manifest.v1+json,application/vnd.docker.distribution.manifest.list.v2+json' -H 'Accept-Encoding: gzip' -H 'User-Agent: jib 2.7.2-SNAPSHOT jib-maven-plugin Google-HTTP-Java-Client/1.38.1 (gzip)' -- 'https://localhost:5000/v2/busybox/manifests/latest'
[WARNING] Failed to connect to https://localhost:5000/v2/busybox/manifests/latest over HTTPS. Attempting again with HTTP.
Jan 25, 2021 1:58:53 PM com.google.api.client.http.HttpRequest execute
CONFIG: -------------- REQUEST  --------------
GET http://localhost:5000/v2/busybox/manifests/latest
Accept: application/vnd.oci.image.manifest.v1+json,application/vnd.docker.distribution.manifest.v2+json,application/vnd.docker.distribution.manifest.v1+json,application/vnd.docker.distribution.manifest.list.v2+json
Accept-Encoding: gzip
User-Agent: jib 2.7.2-SNAPSHOT jib-maven-plugin Google-HTTP-Java-Client/1.38.1 (gzip)

Jan 25, 2021 1:58:53 PM com.google.api.client.http.HttpRequest execute
CONFIG: curl -v --compressed -H 'Accept: application/vnd.oci.image.manifest.v1+json,application/vnd.docker.distribution.manifest.v2+json,application/vnd.docker.distribution.manifest.v1+json,application/vnd.docker.distribution.manifest.list.v2+json' -H 'Accept-Encoding: gzip' -H 'User-Agent: jib 2.7.2-SNAPSHOT jib-maven-plugin Google-HTTP-Java-Client/1.38.1 (gzip)' -- 'http://localhost:5000/v2/busybox/manifests/latest'
Jan 25, 2021 1:58:53 PM com.google.api.client.http.HttpResponse <init>
CONFIG: -------------- RESPONSE --------------
HTTP/1.1 401 Unauthorized
Date: Mon, 25 Jan 2021 18:58:53 GMT
Server: Nexus/3.29.2-02 (OSS)
X-Content-Type-Options: nosniff
Content-Security-Policy: sandbox allow-forms allow-modals allow-popups allow-presentation allow-scripts allow-top-navigation
X-XSS-Protection: 1; mode=block
WWW-Authenticate: BASIC realm="Sonatype Nexus Repository Manager"
Docker-Distribution-Api-Version: registry/2.0
Content-Type: application/json
Content-Length: 113

Jan 25, 2021 1:58:53 PM com.google.api.client.util.LoggingByteArrayOutputStream close
CONFIG: Total: 113 bytes
Jan 25, 2021 1:58:53 PM com.google.api.client.util.LoggingByteArrayOutputStream close
CONFIG: {"errors":[{"code":"UNAUTHORIZED","message":"access to the requested resource is not authorized","detail":null}]}
[INFO] The base image requires auth. Trying again for localhost:5000/busybox...
[INFO] Using credentials from <from><auth> for localhost:5000/busybox
[DEBUG] WWW-Authenticate for localhost:5000/busybox: BASIC realm="Sonatype Nexus Repository Manager"
[DEBUG] configured basic auth for localhost:5000/busybox
Jan 25, 2021 1:58:53 PM com.google.api.client.http.HttpRequest execute
CONFIG: -------------- REQUEST  --------------
GET https://localhost:5000/v2/busybox/manifests/latest
Accept: application/vnd.oci.image.manifest.v1+json,application/vnd.docker.distribution.manifest.v2+json,application/vnd.docker.distribution.manifest.v1+json,application/vnd.docker.distribution.manifest.list.v2+json
Accept-Encoding: gzip
Authorization: <Not Logged>
User-Agent: jib 2.7.2-SNAPSHOT jib-maven-plugin Google-HTTP-Java-Client/1.38.1 (gzip)

Jan 25, 2021 1:58:53 PM com.google.api.client.http.HttpRequest execute
CONFIG: curl -v --compressed -H 'Accept: application/vnd.oci.image.manifest.v1+json,application/vnd.docker.distribution.manifest.v2+json,application/vnd.docker.distribution.manifest.v1+json,application/vnd.docker.distribution.manifest.list.v2+json' -H 'Accept-Encoding: gzip' -H 'Authorization: <Not Logged>' -H 'User-Agent: jib 2.7.2-SNAPSHOT jib-maven-plugin Google-HTTP-Java-Client/1.38.1 (gzip)' -- 'https://localhost:5000/v2/busybox/manifests/latest'
[WARNING] Cannot verify server at https://localhost:5000/v2/busybox/manifests/latest. Attempting again with no TLS verification.
Jan 25, 2021 1:58:53 PM com.google.api.client.http.HttpRequest execute
CONFIG: -------------- REQUEST  --------------
GET https://localhost:5000/v2/busybox/manifests/latest
Accept: application/vnd.oci.image.manifest.v1+json,application/vnd.docker.distribution.manifest.v2+json,application/vnd.docker.distribution.manifest.v1+json,application/vnd.docker.distribution.manifest.list.v2+json
Accept-Encoding: gzip
Authorization: <Not Logged>
User-Agent: jib 2.7.2-SNAPSHOT jib-maven-plugin Google-HTTP-Java-Client/1.38.1 (gzip)

Jan 25, 2021 1:58:53 PM com.google.api.client.http.HttpRequest execute
CONFIG: curl -v --compressed -H 'Accept: application/vnd.oci.image.manifest.v1+json,application/vnd.docker.distribution.manifest.v2+json,application/vnd.docker.distribution.manifest.v1+json,application/vnd.docker.distribution.manifest.list.v2+json' -H 'Accept-Encoding: gzip' -H 'Authorization: <Not Logged>' -H 'User-Agent: jib 2.7.2-SNAPSHOT jib-maven-plugin Google-HTTP-Java-Client/1.38.1 (gzip)' -- 'https://localhost:5000/v2/busybox/manifests/latest'
[WARNING] Failed to connect to https://localhost:5000/v2/busybox/manifests/latest over HTTPS. Attempting again with HTTP.
Jan 25, 2021 1:58:53 PM com.google.api.client.http.HttpRequest execute
CONFIG: -------------- REQUEST  --------------
GET http://localhost:5000/v2/busybox/manifests/latest
Accept: application/vnd.oci.image.manifest.v1+json,application/vnd.docker.distribution.manifest.v2+json,application/vnd.docker.distribution.manifest.v1+json,application/vnd.docker.distribution.manifest.list.v2+json
Accept-Encoding: gzip
Authorization: <Not Logged>
User-Agent: jib 2.7.2-SNAPSHOT jib-maven-plugin Google-HTTP-Java-Client/1.38.1 (gzip)

Jan 25, 2021 1:58:53 PM com.google.api.client.http.HttpRequest execute
CONFIG: curl -v --compressed -H 'Accept: application/vnd.oci.image.manifest.v1+json,application/vnd.docker.distribution.manifest.v2+json,application/vnd.docker.distribution.manifest.v1+json,application/vnd.docker.distribution.manifest.list.v2+json' -H 'Accept-Encoding: gzip' -H 'Authorization: <Not Logged>' -H 'User-Agent: jib 2.7.2-SNAPSHOT jib-maven-plugin Google-HTTP-Java-Client/1.38.1 (gzip)' -- 'http://localhost:5000/v2/busybox/manifests/latest'
Jan 25, 2021 1:58:53 PM com.google.api.client.http.HttpResponse <init>
CONFIG: -------------- RESPONSE --------------
HTTP/1.1 200 OK
Date: Mon, 25 Jan 2021 18:58:53 GMT
Server: Nexus/3.29.2-02 (OSS)
X-Content-Type-Options: nosniff
Content-Security-Policy: sandbox allow-forms allow-modals allow-popups allow-presentation allow-scripts allow-top-navigation
X-XSS-Protection: 1; mode=block
Last-Modified: Mon, 25 Jan 2021 18:54:38 GMT
Docker-Content-Digest: sha256:31a54a0cf86d7354788a8265f60ae6acb4b348a67efbcf7c1007dd3cf7af05ab
Docker-Distribution-Api-Version: registry/2.0
Content-Type: application/vnd.docker.distribution.manifest.v2+json
Content-Length: 527

Jan 25, 2021 1:58:53 PM com.google.api.client.util.LoggingByteArrayOutputStream close
CONFIG: Total: 527 bytes
Jan 25, 2021 1:58:53 PM com.google.api.client.util.LoggingByteArrayOutputStream close
CONFIG: {
   "schemaVersion": 2,
   "mediaType": "application/vnd.docker.distribution.manifest.v2+json",
   "config": {
      "mediaType": "application/vnd.docker.container.image.v1+json",
      "size": 1457,
      "digest": "sha256:219ee5171f8006d1462fa76c12b9b01ab672dbc8b283f186841bf2c3ca8e3c93"
   },
   "layers": [
      {
         "mediaType": "application/vnd.docker.image.rootfs.diff.tar.gzip",
         "size": 764633,
         "digest": "sha256:ea97eb0eb3ec0bbe00d90be500431050af63c31dc0706c2e8fb53e16cff7761f"
      }
   ]
}
[INFO] Using base image with digest: sha256:31a54a0cf86d7354788a8265f60ae6acb4b348a67efbcf7c1007dd3cf7af05ab
Jan 25, 2021 1:58:53 PM com.google.api.client.http.HttpRequest execute
CONFIG: -------------- REQUEST  --------------
GET http://localhost:5000/v2/busybox/blobs/sha256:219ee5171f8006d1462fa76c12b9b01ab672dbc8b283f186841bf2c3ca8e3c93
Accept: 
Accept-Encoding: gzip
Authorization: <Not Logged>
User-Agent: jib 2.7.2-SNAPSHOT jib-maven-plugin Google-HTTP-Java-Client/1.38.1 (gzip)

Jan 25, 2021 1:58:53 PM com.google.api.client.http.HttpRequest execute
CONFIG: curl -v --compressed -H 'Accept: ' -H 'Accept-Encoding: gzip' -H 'Authorization: <Not Logged>' -H 'User-Agent: jib 2.7.2-SNAPSHOT jib-maven-plugin Google-HTTP-Java-Client/1.38.1 (gzip)' -- 'http://localhost:5000/v2/busybox/blobs/sha256:219ee5171f8006d1462fa76c12b9b01ab672dbc8b283f186841bf2c3ca8e3c93'
Jan 25, 2021 1:58:53 PM com.google.api.client.http.HttpResponse <init>
CONFIG: -------------- RESPONSE --------------
HTTP/1.1 200 OK
Date: Mon, 25 Jan 2021 18:58:53 GMT
Server: Nexus/3.29.2-02 (OSS)
X-Content-Type-Options: nosniff
Content-Security-Policy: sandbox allow-forms allow-modals allow-popups allow-presentation allow-scripts allow-top-navigation
X-XSS-Protection: 1; mode=block
Last-Modified: Mon, 25 Jan 2021 18:54:38 GMT
Docker-Content-Digest: sha256:219ee5171f8006d1462fa76c12b9b01ab672dbc8b283f186841bf2c3ca8e3c93
Docker-Distribution-Api-Version: registry/2.0
Content-Type: application/vnd.docker.container.image.v1+json
Content-Length: 1457

Jan 25, 2021 1:58:53 PM com.google.api.client.util.LoggingByteArrayOutputStream close
CONFIG: Total: 1,457 bytes
Jan 25, 2021 1:58:53 PM com.google.api.client.util.LoggingByteArrayOutputStream close
CONFIG: {"architecture":"amd64","config":{"Hostname":"","Domainname":"","User":"","AttachStdin":false,"AttachStdout":false,"AttachStderr":false,"Tty":false,"OpenStdin":false,"StdinOnce":false,"Env":["PATH=/usr/local/sbin:/usr/local/bin:/usr/sbin:/usr/bin:/sbin:/bin"],"Cmd":["sh"],"Image":"sha256:b2c95316ee095165d5e02a2d3268b7b0c291d48a286d8b2c689dc4fea457319a","Volumes":null,"WorkingDir":"","Entrypoint":null,"OnBuild":null,"Labels":null},"container":"6caf2f12a00b51ceabd0ecb9d5da6a12721e70b018ca94156862976ed0701854","container_config":{"Hostname":"6caf2f12a00b","Domainname":"","User":"","AttachStdin":false,"AttachStdout":false,"AttachStderr":false,"Tty":false,"OpenStdin":false,"StdinOnce":false,"Env":["PATH=/usr/local/sbin:/usr/local/bin:/usr/sbin:/usr/bin:/sbin:/bin"],"Cmd":["/bin/sh","-c","#(nop) ","CMD [\"sh\"]"],"Image":"sha256:b2c95316ee095165d5e02a2d3268b7b0c291d48a286d8b2c689dc4fea457319a","Volumes":null,"WorkingDir":"","Entrypoint":null,"OnBuild":null,"Labels":{}},"created":"2020-12-03T22:19:53.402932437Z","docker_version":"19.03.12","history":[{"created":"2020-12-03T22:19:53.238498843Z","created_by":"/bin/sh -c #(nop) ADD file:85e5bcb27fcc24f6a594d2e89493c4083ef596c2a73c5ccaa0a0255a48ba2cd0 in / "},{"created":"2020-12-03T22:19:53.402932437Z","created_by":"/bin/sh -c #(nop)  CMD [\"sh\"]","empty_layer":true}],"os":"linux","rootfs":{"type":"layers","diff_ids":["sha256:de168d3b8ec4765250376be559836953e27ff721fff3bc1124dd758bb153ce51"]}}
[WARNING] the configured platform (arm64/linux) doesn't match the platform (amd64/linux) of the base image (localhost:5000/busybox)
[DEBUG] TIMED	Pulling base image manifest : 639.0 ms
[DEBUG] TIMING	Pulling base image layer sha256:ea97eb0eb3ec0bbe00d90be500431050af63c31dc0706c2e8fb53e16cff7761f
[DEBUG] TIMED	Pulling base image layer sha256:ea97eb0eb3ec0bbe00d90be500431050af63c31dc0706c2e8fb53e16cff7761f : 3.0 ms
[DEBUG] TIMING	Preparing application layer builders
[DEBUG] TIMED	Preparing application layer builders : 1.0 ms
[INFO] Building dependencies layer...
[DEBUG] TIMING	Building dependencies layer
[DEBUG] TIMED	Building dependencies layer : 6.0 ms
[INFO] Building resources layer...
[DEBUG] TIMING	Building resources layer
[DEBUG] TIMED	Building resources layer : 2.0 ms
[INFO] Building classes layer...
[DEBUG] TIMING	Building classes layer
[DEBUG] TIMED	Building classes layer : 2.0 ms
[INFO] Building extra files layer...
[DEBUG] TIMING	Building extra files layer
[DEBUG] TIMED	Building extra files layer : 5.0 ms
[INFO] Building guava layer...
[DEBUG] TIMING	Building guava layer
[DEBUG] TIMED	Building guava layer : 2.0 ms
[INFO] Building jsr layer...
[DEBUG] TIMING	Building jsr layer
[DEBUG] TIMED	Building jsr layer : 1.0 ms
[DEBUG] TIMING	Building container configuration
[INFO] 
[INFO] Container entrypoint set to [java, -cp, /app/resources:/app/classes:/app/libs/*, example.HelloJarWorld]
[DEBUG] TIMED	Building container configuration : 12.0 ms
[DEBUG] TIMING	Loading to Docker daemon
[INFO] Loading to Docker daemon...
[DEBUG] Loaded image: francium25/test:latest

[DEBUG] TIMED	Loading to Docker daemon : 443.0 ms
[DEBUG] TIMED	Building image to Docker daemon : 1168.0 ms
[INFO] 
[INFO] Built image to Docker daemon as francium25/test
[INFO] 
[INFO] ------------------------------------------------------------------------
[INFO] BUILD SUCCESS
[INFO] ------------------------------------------------------------------------
[INFO] Total time:  2.718 s
[INFO] Finished at: 2021-01-25T13:58:53-05:00
[INFO] ------------------------------------------------------------------------
